\BOOKMARK [1][-]{section.1}{\376\377\000I\000n\000t\000r\000o\000d\000u\000c\000t\000i\000o\000n}{}% 1
\BOOKMARK [2][-]{subsection.1.1}{\376\377\000O\000b\000j\000e\000c\000t\000i\000f\000s\000\040\000d\000u\000\040\000T\000P}{section.1}% 2
\BOOKMARK [1][-]{section.2}{\376\377\000E\000n\000v\000i\000r\000o\000n\000n\000e\000m\000e\000n\000t\000\040\000d\000e\000\040\000t\000r\000a\000v\000a\000i\000l}{}% 3
\BOOKMARK [2][-]{subsection.2.1}{\376\377\000C\000o\000n\000f\000i\000g\000u\000r\000a\000t\000i\000o\000n\000\040\000s\000y\000s\000t\000\350\000m\000e}{section.2}% 4
\BOOKMARK [2][-]{subsection.2.2}{\376\377\000O\000u\000t\000i\000l\000s\000\040\000u\000t\000i\000l\000i\000s\000\351\000s}{section.2}% 5
\BOOKMARK [1][-]{section.3}{\376\377\000I\000n\000s\000t\000a\000l\000l\000a\000t\000i\000o\000n\000\040\000e\000t\000\040\000c\000o\000n\000f\000i\000g\000u\000r\000a\000t\000i\000o\000n\000\040\000d\000e\000\040\000J\000e\000n\000k\000i\000n\000s}{}% 6
\BOOKMARK [2][-]{subsection.3.1}{\376\377\000I\000n\000s\000t\000a\000l\000l\000a\000t\000i\000o\000n\000\040\000d\000e\000\040\000J\000e\000n\000k\000i\000n\000s}{section.3}% 7
\BOOKMARK [2][-]{subsection.3.2}{\376\377\000C\000o\000n\000f\000i\000g\000u\000r\000a\000t\000i\000o\000n\000\040\000i\000n\000i\000t\000i\000a\000l\000e}{section.3}% 8
\BOOKMARK [1][-]{section.4}{\376\377\000I\000n\000s\000t\000a\000l\000l\000a\000t\000i\000o\000n\000\040\000d\000e\000s\000\040\000p\000l\000u\000g\000i\000n\000s\000\040\000s\000p\000\351\000c\000i\000f\000i\000q\000u\000e\000s}{}% 9
\BOOKMARK [2][-]{subsection.4.1}{\376\377\000I\000n\000s\000t\000a\000l\000l\000a\000t\000i\000o\000n\000\040\000d\000e\000s\000\040\000p\000l\000u\000g\000i\000n\000s\000\040\000r\000e\000q\000u\000i\000s}{section.4}% 10
\BOOKMARK [1][-]{section.5}{\376\377\000P\000r\000\351\000p\000a\000r\000a\000t\000i\000o\000n\000\040\000d\000u\000\040\000d\000\351\000p\000\364\000t\000\040\000G\000i\000t\000H\000u\000b}{}% 11
\BOOKMARK [2][-]{subsection.5.1}{\376\377\000C\000r\000\351\000a\000t\000i\000o\000n\000\040\000e\000t\000\040\000c\000o\000n\000f\000i\000g\000u\000r\000a\000t\000i\000o\000n\000\040\000d\000u\000\040\000d\000\351\000p\000\364\000t}{section.5}% 12
\BOOKMARK [2][-]{subsection.5.2}{\376\377\000S\000t\000r\000u\000c\000t\000u\000r\000e\000\040\000d\000u\000\040\000p\000r\000o\000j\000e\000t}{section.5}% 13
\BOOKMARK [1][-]{section.6}{\376\377\000C\000r\000\351\000a\000t\000i\000o\000n\000\040\000e\000t\000\040\000c\000o\000n\000f\000i\000g\000u\000r\000a\000t\000i\000o\000n\000\040\000d\000u\000\040\000p\000i\000p\000e\000l\000i\000n\000e\000\040\000J\000e\000n\000k\000i\000n\000s}{}% 14
\BOOKMARK [2][-]{subsection.6.1}{\376\377\000C\000r\000\351\000a\000t\000i\000o\000n\000\040\000d\000u\000\040\000j\000o\000b\000\040\000p\000i\000p\000e\000l\000i\000n\000e}{section.6}% 15
\BOOKMARK [2][-]{subsection.6.2}{\376\377\000C\000o\000n\000f\000i\000g\000u\000r\000a\000t\000i\000o\000n\000\040\000d\000u\000\040\000p\000i\000p\000e\000l\000i\000n\000e}{section.6}% 16
\BOOKMARK [2][-]{subsection.6.3}{\376\377\000A\000n\000a\000l\000y\000s\000e\000\040\000d\000u\000\040\000J\000e\000n\000k\000i\000n\000s\000f\000i\000l\000e}{section.6}% 17
\BOOKMARK [1][-]{section.7}{\376\377\000C\000o\000n\000f\000i\000g\000u\000r\000a\000t\000i\000o\000n\000\040\000d\000'\000A\000n\000s\000i\000b\000l\000e}{}% 18
\BOOKMARK [2][-]{subsection.7.1}{\376\377\000F\000i\000c\000h\000i\000e\000r\000\040\000d\000'\000i\000n\000v\000e\000n\000t\000a\000i\000r\000e}{section.7}% 19
\BOOKMARK [2][-]{subsection.7.2}{\376\377\000P\000l\000a\000y\000b\000o\000o\000k\000\040\000A\000n\000s\000i\000b\000l\000e}{section.7}% 20
\BOOKMARK [2][-]{subsection.7.3}{\376\377\000S\000i\000m\000p\000l\000i\000f\000i\000c\000a\000t\000i\000o\000n\000\040\000d\000u\000\040\000p\000l\000a\000y\000b\000o\000o\000k\000\040\000p\000o\000u\000r\000\040\000l\000e\000s\000\040\000t\000e\000s\000t\000s}{section.7}% 21
\BOOKMARK [1][-]{section.8}{\376\377\000E\000x\000\351\000c\000u\000t\000i\000o\000n\000\040\000d\000u\000\040\000p\000i\000p\000e\000l\000i\000n\000e}{}% 22
\BOOKMARK [2][-]{subsection.8.1}{\376\377\000L\000a\000n\000c\000e\000m\000e\000n\000t\000\040\000d\000u\000\040\000b\000u\000i\000l\000d}{section.8}% 23
\BOOKMARK [2][-]{subsection.8.2}{\376\377\000S\000u\000i\000v\000i\000\040\000d\000e\000\040\000l\000'\000e\000x\000\351\000c\000u\000t\000i\000o\000n}{section.8}% 24
\BOOKMARK [2][-]{subsection.8.3}{\376\377\000R\000\351\000s\000u\000l\000t\000a\000t\000\040\000d\000u\000\040\000p\000i\000p\000e\000l\000i\000n\000e}{section.8}% 25
\BOOKMARK [1][-]{section.9}{\376\377\000V\000\351\000r\000i\000f\000i\000c\000a\000t\000i\000o\000n\000\040\000d\000u\000\040\000d\000\351\000p\000l\000o\000i\000e\000m\000e\000n\000t}{}% 26
\BOOKMARK [2][-]{subsection.9.1}{\376\377\000V\000\351\000r\000i\000f\000i\000c\000a\000t\000i\000o\000n\000\040\000d\000e\000s\000\040\000f\000i\000c\000h\000i\000e\000r\000s\000\040\000d\000\351\000p\000l\000o\000y\000\351\000s}{section.9}% 27
\BOOKMARK [2][-]{subsection.9.2}{\376\377\000V\000\351\000r\000i\000f\000i\000c\000a\000t\000i\000o\000n\000\040\000d\000e\000\040\000l\000'\000a\000p\000p\000l\000i\000c\000a\000t\000i\000o\000n}{section.9}% 28
\BOOKMARK [1][-]{section.10}{\376\377\000C\000o\000n\000f\000i\000g\000u\000r\000a\000t\000i\000o\000n\000\040\000d\000u\000\040\000w\000e\000b\000h\000o\000o\000k\000\040\000\050\000O\000p\000t\000i\000o\000n\000n\000e\000l\000\051}{}% 29
\BOOKMARK [2][-]{subsection.10.1}{\376\377\000C\000o\000n\000f\000i\000g\000u\000r\000a\000t\000i\000o\000n\000\040\000d\000u\000\040\000w\000e\000b\000h\000o\000o\000k\000\040\000G\000i\000t\000H\000u\000b}{section.10}% 30
\BOOKMARK [2][-]{subsection.10.2}{\376\377\000C\000o\000n\000f\000i\000g\000u\000r\000a\000t\000i\000o\000n\000\040\000c\000o\000r\000r\000e\000s\000p\000o\000n\000d\000a\000n\000t\000e\000\040\000d\000a\000n\000s\000\040\000J\000e\000n\000k\000i\000n\000s}{section.10}% 31
\BOOKMARK [1][-]{section.11}{\376\377\000D\000\351\000p\000a\000n\000n\000a\000g\000e\000\040\000d\000e\000s\000\040\000p\000r\000o\000b\000l\000\350\000m\000e\000s\000\040\000r\000e\000n\000c\000o\000n\000t\000r\000\351\000s}{}% 32
\BOOKMARK [2][-]{subsection.11.1}{\376\377\000P\000r\000o\000b\000l\000\350\000m\000e\000\040\000d\000e\000\040\000p\000e\000r\000m\000i\000s\000s\000i\000o\000n\000s\000\040\000s\000u\000d\000o}{section.11}% 33
\BOOKMARK [2][-]{subsection.11.2}{\376\377\000P\000r\000o\000b\000l\000\350\000m\000e\000\040\000d\000'\000h\000\364\000t\000e\000s\000\040\000i\000n\000a\000c\000c\000e\000s\000s\000i\000b\000l\000e\000s}{section.11}% 34
\BOOKMARK [1][-]{section.12}{\376\377\000C\000o\000n\000c\000l\000u\000s\000i\000o\000n}{}% 35
\BOOKMARK [2][-]{subsection.12.1}{\376\377\000R\000\351\000s\000u\000m\000\351\000\040\000d\000e\000s\000\040\000r\000\351\000a\000l\000i\000s\000a\000t\000i\000o\000n\000s}{section.12}% 36
\BOOKMARK [2][-]{subsection.12.2}{\376\377\000A\000v\000a\000n\000t\000a\000g\000e\000s\000\040\000d\000e\000\040\000l\000'\000i\000n\000t\000\351\000g\000r\000a\000t\000i\000o\000n\000\040\000J\000e\000n\000k\000i\000n\000s\000-\000A\000n\000s\000i\000b\000l\000e}{section.12}% 37
\BOOKMARK [2][-]{subsection.12.3}{\376\377\000A\000m\000\351\000l\000i\000o\000r\000a\000t\000i\000o\000n\000s\000\040\000p\000o\000s\000s\000i\000b\000l\000e\000s}{section.12}% 38
\BOOKMARK [2][-]{subsection.12.4}{\376\377\000C\000o\000n\000c\000l\000u\000s\000i\000o\000n\000\040\000p\000e\000r\000s\000o\000n\000n\000e\000l\000l\000e}{section.12}% 39
